
2014/03/19 14:16:53 [error] [exception.CHttpException.403] exception 'CHttpException' with message 'You are not authorized to perform this action.' in /home/video/testphp/admin/framework/web/auth/CAccessControlFilter.php:179
Stack trace:
#0 /home/video/testphp/admin/framework/web/auth/CAccessControlFilter.php(142): CAccessControlFilter->accessDenied(Object(CWebUser), 'You are not aut...')
#1 /home/video/testphp/admin/framework/web/filters/CFilter.php(38): CAccessControlFilter->preFilter(Object(CFilterChain))
#2 /home/video/testphp/admin/framework/web/CController.php(1145): CFilter->filter(Object(CFilterChain))
#3 /home/video/testphp/admin/framework/web/filters/CInlineFilter.php(58): CController->filterAccessControl(Object(CFilterChain))
#4 /home/video/testphp/admin/framework/web/filters/CFilterChain.php(130): CInlineFilter->filter(Object(CFilterChain))
#5 /home/video/testphp/admin/framework/web/CController.php(291): CFilterChain->run()
#6 /home/video/testphp/admin/framework/web/CController.php(265): CController->runActionWithFilters(Object(CInlineAction), Array)
#7 /home/video/testphp/admin/framework/web/CWebApplication.php(282): CController->run('logout')
#8 /home/video/testphp/admin/framework/web/CWebApplication.php(141): CWebApplication->runController('site/logout')
#9 /home/video/testphp/admin/framework/base/CApplication.php(169): CWebApplication->processRequest()
#10 /home/video/testphp/admin/admin/index.php(13): CApplication->run()
#11 {main}
REQUEST_URI=/admin/admin/index.php?r=site/logout
HTTP_REFERER=http://jx-vs-video05.jx.baidu.com:8888/admin/admin/index.php?r=video/admin
---
2014/03/19 14:17:01 [error] [exception.CHttpException.404] exception 'CHttpException' with message 'Unable to resolve the request "player/admin".' in /home/video/testphp/admin/framework/web/CWebApplication.php:286
Stack trace:
#0 /home/video/testphp/admin/framework/web/CWebApplication.php(141): CWebApplication->runController('player/admin')
#1 /home/video/testphp/admin/framework/base/CApplication.php(169): CWebApplication->processRequest()
#2 /home/video/testphp/admin/admin/index.php(13): CApplication->run()
#3 {main}
REQUEST_URI=/admin/admin/index.php?r=player/admin
HTTP_REFERER=http://jx-vs-video05.jx.baidu.com:8888/admin/admin/index.php?r=video/admin
---
2014/03/19 14:17:13 [error] [exception.CHttpException.403] exception 'CHttpException' with message 'You are not authorized to perform this action.' in /home/video/testphp/admin/framework/web/auth/CAccessControlFilter.php:179
Stack trace:
#0 /home/video/testphp/admin/framework/web/auth/CAccessControlFilter.php(142): CAccessControlFilter->accessDenied(Object(CWebUser), 'You are not aut...')
#1 /home/video/testphp/admin/framework/web/filters/CFilter.php(38): CAccessControlFilter->preFilter(Object(CFilterChain))
#2 /home/video/testphp/admin/framework/web/CController.php(1145): CFilter->filter(Object(CFilterChain))
#3 /home/video/testphp/admin/framework/web/filters/CInlineFilter.php(58): CController->filterAccessControl(Object(CFilterChain))
#4 /home/video/testphp/admin/framework/web/filters/CFilterChain.php(130): CInlineFilter->filter(Object(CFilterChain))
#5 /home/video/testphp/admin/framework/web/CController.php(291): CFilterChain->run()
#6 /home/video/testphp/admin/framework/web/CController.php(265): CController->runActionWithFilters(Object(CInlineAction), Array)
#7 /home/video/testphp/admin/framework/web/CWebApplication.php(282): CController->run('admin')
#8 /home/video/testphp/admin/framework/web/CWebApplication.php(141): CWebApplication->runController('video/admin')
#9 /home/video/testphp/admin/framework/base/CApplication.php(169): CWebApplication->processRequest()
#10 /home/video/testphp/admin/admin/index.php(13): CApplication->run()
#11 {main}
REQUEST_URI=/admin/admin/index.php?r=video/admin
HTTP_REFERER=http://jx-vs-video05.jx.baidu.com:8888/admin/admin/index.php?r=video/admin
---
2014/03/19 14:24:56 [error] [exception.CException] exception 'CException' with message 'Property "ShortVideoMeta.update_time" is not defined.' in /home/video/testphp/admin/framework/base/CComponent.php:130
Stack trace:
#0 /home/video/testphp/admin/framework/db/ar/CActiveRecord.php(143): CComponent->__get('update_time')
#1 /home/video/testphp/admin/admin/protected/models/ShortVideoMeta.php(87): CActiveRecord->__get('update_time')
#2 /home/video/testphp/admin/framework/db/ar/CActiveRecord.php(1809): ShortVideoMeta->afterFind()
#3 /home/video/testphp/admin/framework/db/ar/CActiveRecord.php(1297): CActiveRecord->populateRecord(Array)
#4 /home/video/testphp/admin/framework/db/ar/CActiveRecord.php(1432): CActiveRecord->query(Object(CDbCriteria))
#5 /home/video/testphp/admin/admin/protected/controllers/VideoController.php(127): CActiveRecord->findByPk('826')
#6 /home/video/testphp/admin/admin/protected/controllers/VideoController.php(48): VideoController->loadModel('826')
#7 [internal function]: VideoController->actionView('826')
#8 /home/video/testphp/admin/framework/web/actions/CAction.php(108): ReflectionMethod->invokeArgs(Object(VideoController), Array)
#9 /home/video/testphp/admin/framework/web/actions/CInlineAction.php(47): CAction->runWithParamsInternal(Object(VideoController), Object(ReflectionMethod), Array)
#10 /home/video/testphp/admin/framework/web/CController.php(308): CInlineAction->runWithParams(Array)
#11 /home/video/testphp/admin/framework/web/filters/CFilterChain.php(133): CController->runAction(Object(CInlineAction))
#12 /home/video/testphp/admin/framework/web/filters/CFilter.php(40): CFilterChain->run()
#13 /home/video/testphp/admin/framework/web/CController.php(1145): CFilter->filter(Object(CFilterChain))
#14 /home/video/testphp/admin/framework/web/filters/CInlineFilter.php(58): CController->filterAccessControl(Object(CFilterChain))
#15 /home/video/testphp/admin/framework/web/filters/CFilterChain.php(130): CInlineFilter->filter(Object(CFilterChain))
#16 /home/video/testphp/admin/framework/web/CController.php(291): CFilterChain->run()
#17 /home/video/testphp/admin/framework/web/CController.php(265): CController->runActionWithFilters(Object(CInlineAction), Array)
#18 /home/video/testphp/admin/framework/web/CWebApplication.php(282): CController->run('view')
#19 /home/video/testphp/admin/framework/web/CWebApplication.php(141): CWebApplication->runController('video/view')
#20 /home/video/testphp/admin/framework/base/CApplication.php(169): CWebApplication->processRequest()
#21 /home/video/testphp/admin/admin/index.php(13): CApplication->run()
#22 {main}
REQUEST_URI=/admin/admin/index.php?r=video/view&id=826
---
2014/03/19 14:25:00 [error] [exception.CException] exception 'CException' with message 'Property "ShortVideoMeta.update_time" is not defined.' in /home/video/testphp/admin/framework/base/CComponent.php:130
Stack trace:
#0 /home/video/testphp/admin/framework/db/ar/CActiveRecord.php(143): CComponent->__get('update_time')
#1 /home/video/testphp/admin/admin/protected/models/ShortVideoMeta.php(87): CActiveRecord->__get('update_time')
#2 /home/video/testphp/admin/framework/db/ar/CActiveRecord.php(1809): ShortVideoMeta->afterFind()
#3 /home/video/testphp/admin/framework/db/ar/CActiveRecord.php(1297): CActiveRecord->populateRecord(Array)
#4 /home/video/testphp/admin/framework/db/ar/CActiveRecord.php(1432): CActiveRecord->query(Object(CDbCriteria))
#5 /home/video/testphp/admin/admin/protected/controllers/VideoController.php(127): CActiveRecord->findByPk('826')
#6 /home/video/testphp/admin/admin/protected/controllers/VideoController.php(48): VideoController->loadModel('826')
#7 [internal function]: VideoController->actionView('826')
#8 /home/video/testphp/admin/framework/web/actions/CAction.php(108): ReflectionMethod->invokeArgs(Object(VideoController), Array)
#9 /home/video/testphp/admin/framework/web/actions/CInlineAction.php(47): CAction->runWithParamsInternal(Object(VideoController), Object(ReflectionMethod), Array)
#10 /home/video/testphp/admin/framework/web/CController.php(308): CInlineAction->runWithParams(Array)
#11 /home/video/testphp/admin/framework/web/filters/CFilterChain.php(133): CController->runAction(Object(CInlineAction))
#12 /home/video/testphp/admin/framework/web/filters/CFilter.php(40): CFilterChain->run()
#13 /home/video/testphp/admin/framework/web/CController.php(1145): CFilter->filter(Object(CFilterChain))
#14 /home/video/testphp/admin/framework/web/filters/CInlineFilter.php(58): CController->filterAccessControl(Object(CFilterChain))
#15 /home/video/testphp/admin/framework/web/filters/CFilterChain.php(130): CInlineFilter->filter(Object(CFilterChain))
#16 /home/video/testphp/admin/framework/web/CController.php(291): CFilterChain->run()
#17 /home/video/testphp/admin/framework/web/CController.php(265): CController->runActionWithFilters(Object(CInlineAction), Array)
#18 /home/video/testphp/admin/framework/web/CWebApplication.php(282): CController->run('view')
#19 /home/video/testphp/admin/framework/web/CWebApplication.php(141): CWebApplication->runController('video/view')
#20 /home/video/testphp/admin/framework/base/CApplication.php(169): CWebApplication->processRequest()
#21 /home/video/testphp/admin/admin/index.php(13): CApplication->run()
#22 {main}
REQUEST_URI=/admin/admin/index.php?r=video/view&id=826
HTTP_REFERER=http://jx-vs-video05.jx.baidu.com:8888/admin/admin/index.php?r=video/admin
---
2014/03/19 14:29:25 [error] [exception.CException] exception 'CException' with message 'Property "ShortVideoMeta.update_time" is not defined.' in /home/video/testphp/admin/framework/base/CComponent.php:130
Stack trace:
#0 /home/video/testphp/admin/framework/db/ar/CActiveRecord.php(143): CComponent->__get('update_time')
#1 /home/video/testphp/admin/admin/protected/models/ShortVideoMeta.php(87): CActiveRecord->__get('update_time')
#2 /home/video/testphp/admin/framework/db/ar/CActiveRecord.php(1809): ShortVideoMeta->afterFind()
#3 /home/video/testphp/admin/framework/db/ar/CActiveRecord.php(1297): CActiveRecord->populateRecord(Array)
#4 /home/video/testphp/admin/framework/db/ar/CActiveRecord.php(1432): CActiveRecord->query(Object(CDbCriteria))
#5 /home/video/testphp/admin/admin/protected/controllers/VideoController.php(127): CActiveRecord->findByPk('826')
#6 /home/video/testphp/admin/admin/protected/controllers/VideoController.php(48): VideoController->loadModel('826')
#7 [internal function]: VideoController->actionView('826')
#8 /home/video/testphp/admin/framework/web/actions/CAction.php(108): ReflectionMethod->invokeArgs(Object(VideoController), Array)
#9 /home/video/testphp/admin/framework/web/actions/CInlineAction.php(47): CAction->runWithParamsInternal(Object(VideoController), Object(ReflectionMethod), Array)
#10 /home/video/testphp/admin/framework/web/CController.php(308): CInlineAction->runWithParams(Array)
#11 /home/video/testphp/admin/framework/web/filters/CFilterChain.php(133): CController->runAction(Object(CInlineAction))
#12 /home/video/testphp/admin/framework/web/filters/CFilter.php(40): CFilterChain->run()
#13 /home/video/testphp/admin/framework/web/CController.php(1145): CFilter->filter(Object(CFilterChain))
#14 /home/video/testphp/admin/framework/web/filters/CInlineFilter.php(58): CController->filterAccessControl(Object(CFilterChain))
#15 /home/video/testphp/admin/framework/web/filters/CFilterChain.php(130): CInlineFilter->filter(Object(CFilterChain))
#16 /home/video/testphp/admin/framework/web/CController.php(291): CFilterChain->run()
#17 /home/video/testphp/admin/framework/web/CController.php(265): CController->runActionWithFilters(Object(CInlineAction), Array)
#18 /home/video/testphp/admin/framework/web/CWebApplication.php(282): CController->run('view')
#19 /home/video/testphp/admin/framework/web/CWebApplication.php(141): CWebApplication->runController('video/view')
#20 /home/video/testphp/admin/framework/base/CApplication.php(169): CWebApplication->processRequest()
#21 /home/video/testphp/admin/admin/index.php(13): CApplication->run()
#22 {main}
REQUEST_URI=/admin/admin/index.php?r=video/view&id=826
HTTP_REFERER=http://jx-vs-video05.jx.baidu.com:8888/admin/admin/index.php?r=video/admin
---
2014/03/19 14:29:29 [error] [exception.CException] exception 'CException' with message 'Property "ShortVideoMeta.update_time" is not defined.' in /home/video/testphp/admin/framework/base/CComponent.php:130
Stack trace:
#0 /home/video/testphp/admin/framework/db/ar/CActiveRecord.php(143): CComponent->__get('update_time')
#1 /home/video/testphp/admin/admin/protected/models/ShortVideoMeta.php(87): CActiveRecord->__get('update_time')
#2 /home/video/testphp/admin/framework/db/ar/CActiveRecord.php(1809): ShortVideoMeta->afterFind()
#3 /home/video/testphp/admin/framework/db/ar/CActiveRecord.php(1297): CActiveRecord->populateRecord(Array)
#4 /home/video/testphp/admin/framework/db/ar/CActiveRecord.php(1432): CActiveRecord->query(Object(CDbCriteria))
#5 /home/video/testphp/admin/admin/protected/controllers/VideoController.php(127): CActiveRecord->findByPk('826')
#6 /home/video/testphp/admin/admin/protected/controllers/VideoController.php(69): VideoController->loadModel('826')
#7 [internal function]: VideoController->actionUpdate('826')
#8 /home/video/testphp/admin/framework/web/actions/CAction.php(108): ReflectionMethod->invokeArgs(Object(VideoController), Array)
#9 /home/video/testphp/admin/framework/web/actions/CInlineAction.php(47): CAction->runWithParamsInternal(Object(VideoController), Object(ReflectionMethod), Array)
#10 /home/video/testphp/admin/framework/web/CController.php(308): CInlineAction->runWithParams(Array)
#11 /home/video/testphp/admin/framework/web/filters/CFilterChain.php(133): CController->runAction(Object(CInlineAction))
#12 /home/video/testphp/admin/framework/web/filters/CFilter.php(40): CFilterChain->run()
#13 /home/video/testphp/admin/framework/web/CController.php(1145): CFilter->filter(Object(CFilterChain))
#14 /home/video/testphp/admin/framework/web/filters/CInlineFilter.php(58): CController->filterAccessControl(Object(CFilterChain))
#15 /home/video/testphp/admin/framework/web/filters/CFilterChain.php(130): CInlineFilter->filter(Object(CFilterChain))
#16 /home/video/testphp/admin/framework/web/CController.php(291): CFilterChain->run()
#17 /home/video/testphp/admin/framework/web/CController.php(265): CController->runActionWithFilters(Object(CInlineAction), Array)
#18 /home/video/testphp/admin/framework/web/CWebApplication.php(282): CController->run('update')
#19 /home/video/testphp/admin/framework/web/CWebApplication.php(141): CWebApplication->runController('video/update')
#20 /home/video/testphp/admin/framework/base/CApplication.php(169): CWebApplication->processRequest()
#21 /home/video/testphp/admin/admin/index.php(13): CApplication->run()
#22 {main}
REQUEST_URI=/admin/admin/index.php?r=video/update&id=826
HTTP_REFERER=http://jx-vs-video05.jx.baidu.com:8888/admin/admin/index.php?r=video/admin
---
2014/03/19 14:29:32 [error] [exception.CException] exception 'CException' with message 'Property "ShortVideoMeta.update_time" is not defined.' in /home/video/testphp/admin/framework/base/CComponent.php:130
Stack trace:
#0 /home/video/testphp/admin/framework/db/ar/CActiveRecord.php(143): CComponent->__get('update_time')
#1 /home/video/testphp/admin/admin/protected/models/ShortVideoMeta.php(87): CActiveRecord->__get('update_time')
#2 /home/video/testphp/admin/framework/db/ar/CActiveRecord.php(1809): ShortVideoMeta->afterFind()
#3 /home/video/testphp/admin/framework/db/ar/CActiveRecord.php(1297): CActiveRecord->populateRecord(Array)
#4 /home/video/testphp/admin/framework/db/ar/CActiveRecord.php(1432): CActiveRecord->query(Object(CDbCriteria))
#5 /home/video/testphp/admin/admin/protected/controllers/VideoController.php(127): CActiveRecord->findByPk('826')
#6 /home/video/testphp/admin/admin/protected/controllers/VideoController.php(69): VideoController->loadModel('826')
#7 [internal function]: VideoController->actionUpdate('826')
#8 /home/video/testphp/admin/framework/web/actions/CAction.php(108): ReflectionMethod->invokeArgs(Object(VideoController), Array)
#9 /home/video/testphp/admin/framework/web/actions/CInlineAction.php(47): CAction->runWithParamsInternal(Object(VideoController), Object(ReflectionMethod), Array)
#10 /home/video/testphp/admin/framework/web/CController.php(308): CInlineAction->runWithParams(Array)
#11 /home/video/testphp/admin/framework/web/filters/CFilterChain.php(133): CController->runAction(Object(CInlineAction))
#12 /home/video/testphp/admin/framework/web/filters/CFilter.php(40): CFilterChain->run()
#13 /home/video/testphp/admin/framework/web/CController.php(1145): CFilter->filter(Object(CFilterChain))
#14 /home/video/testphp/admin/framework/web/filters/CInlineFilter.php(58): CController->filterAccessControl(Object(CFilterChain))
#15 /home/video/testphp/admin/framework/web/filters/CFilterChain.php(130): CInlineFilter->filter(Object(CFilterChain))
#16 /home/video/testphp/admin/framework/web/CController.php(291): CFilterChain->run()
#17 /home/video/testphp/admin/framework/web/CController.php(265): CController->runActionWithFilters(Object(CInlineAction), Array)
#18 /home/video/testphp/admin/framework/web/CWebApplication.php(282): CController->run('update')
#19 /home/video/testphp/admin/framework/web/CWebApplication.php(141): CWebApplication->runController('video/update')
#20 /home/video/testphp/admin/framework/base/CApplication.php(169): CWebApplication->processRequest()
#21 /home/video/testphp/admin/admin/index.php(13): CApplication->run()
#22 {main}
REQUEST_URI=/admin/admin/index.php?r=video/update&id=826
HTTP_REFERER=http://jx-vs-video05.jx.baidu.com:8888/admin/admin/index.php?r=video/admin
---
2014/03/19 14:29:49 [error] [exception.CException] exception 'CException' with message 'Property "ShortVideoMeta.update_time" is not defined.' in /home/video/testphp/admin/framework/base/CComponent.php:130
Stack trace:
#0 /home/video/testphp/admin/framework/db/ar/CActiveRecord.php(143): CComponent->__get('update_time')
#1 /home/video/testphp/admin/admin/protected/models/ShortVideoMeta.php(87): CActiveRecord->__get('update_time')
#2 /home/video/testphp/admin/framework/db/ar/CActiveRecord.php(1809): ShortVideoMeta->afterFind()
#3 /home/video/testphp/admin/framework/db/ar/CActiveRecord.php(1297): CActiveRecord->populateRecord(Array)
#4 /home/video/testphp/admin/framework/db/ar/CActiveRecord.php(1432): CActiveRecord->query(Object(CDbCriteria))
#5 /home/video/testphp/admin/admin/protected/controllers/VideoController.php(127): CActiveRecord->findByPk('826')
#6 /home/video/testphp/admin/admin/protected/controllers/VideoController.php(48): VideoController->loadModel('826')
#7 [internal function]: VideoController->actionView('826')
#8 /home/video/testphp/admin/framework/web/actions/CAction.php(108): ReflectionMethod->invokeArgs(Object(VideoController), Array)
#9 /home/video/testphp/admin/framework/web/actions/CInlineAction.php(47): CAction->runWithParamsInternal(Object(VideoController), Object(ReflectionMethod), Array)
#10 /home/video/testphp/admin/framework/web/CController.php(308): CInlineAction->runWithParams(Array)
#11 /home/video/testphp/admin/framework/web/filters/CFilterChain.php(133): CController->runAction(Object(CInlineAction))
#12 /home/video/testphp/admin/framework/web/filters/CFilter.php(40): CFilterChain->run()
#13 /home/video/testphp/admin/framework/web/CController.php(1145): CFilter->filter(Object(CFilterChain))
#14 /home/video/testphp/admin/framework/web/filters/CInlineFilter.php(58): CController->filterAccessControl(Object(CFilterChain))
#15 /home/video/testphp/admin/framework/web/filters/CFilterChain.php(130): CInlineFilter->filter(Object(CFilterChain))
#16 /home/video/testphp/admin/framework/web/CController.php(291): CFilterChain->run()
#17 /home/video/testphp/admin/framework/web/CController.php(265): CController->runActionWithFilters(Object(CInlineAction), Array)
#18 /home/video/testphp/admin/framework/web/CWebApplication.php(282): CController->run('view')
#19 /home/video/testphp/admin/framework/web/CWebApplication.php(141): CWebApplication->runController('video/view')
#20 /home/video/testphp/admin/framework/base/CApplication.php(169): CWebApplication->processRequest()
#21 /home/video/testphp/admin/admin/index.php(13): CApplication->run()
#22 {main}
REQUEST_URI=/admin/admin/index.php?r=video/view&id=826
HTTP_REFERER=http://jx-vs-video05.jx.baidu.com:8888/admin/admin/index.php?r=video/admin
---
